--2025-01-07 21:52:41--  http://www.clustal.org/download/current/clustalw-2.1.tar.gz
Connecting to 10.99.0.130:3128... connected.
Proxy request sent, awaiting response... 200 OK
Length: 350761 (343K) [application/x-gzip]
Saving to: ‘clustalw-2.1.tar.gz.1’

     0K .......... .......... .......... .......... .......... 14%  144M 0s
    50K .......... .......... .......... .......... .......... 29%  187M 0s
   100K .......... .......... .......... .......... .......... 43%  198M 0s
   150K .......... .......... .......... .......... .......... 58%  218M 0s
   200K .......... .......... .......... .......... .......... 72%  191M 0s
   250K .......... .......... .......... .......... .......... 87%  219M 0s
   300K .......... .......... .......... .......... ..        100%  228M=0.002s

2025-01-07 21:52:41 (193 MB/s) - ‘clustalw-2.1.tar.gz.1’ saved [350761/350761]

clustalw-2.1/
clustalw-2.1/src/
clustalw-2.1/src/Help.cpp
clustalw-2.1/src/general/
clustalw-2.1/src/general/UserParameters.cpp
clustalw-2.1/src/general/statsObject.h
clustalw-2.1/src/general/RandomAccessLList.h
clustalw-2.1/src/general/general.h
clustalw-2.1/src/general/SequenceNotFoundException.h
clustalw-2.1/src/general/param.h
clustalw-2.1/src/general/OutputFile.h
clustalw-2.1/src/general/Utility.h
clustalw-2.1/src/general/ClustalWResources.h
clustalw-2.1/src/general/InvalidCombination.cpp
clustalw-2.1/src/general/SymMatrix.cpp
clustalw-2.1/src/general/VectorUtility.h
clustalw-2.1/src/general/SquareMat.h
clustalw-2.1/src/general/Utility.cpp
clustalw-2.1/src/general/DebugLog.cpp
clustalw-2.1/src/general/Stats.h
clustalw-2.1/src/general/userparams.h
clustalw-2.1/src/general/UserParameters.h
clustalw-2.1/src/general/ClustalWResources.cpp
clustalw-2.1/src/general/Stats.cpp
clustalw-2.1/src/general/utils.h
clustalw-2.1/src/general/DebugLog.h
clustalw-2.1/src/general/VectorOutOfRange.cpp
clustalw-2.1/src/general/VectorOutOfRange.h
clustalw-2.1/src/general/clustalw.h
clustalw-2.1/src/general/Array2D.h
clustalw-2.1/src/general/SymMatrix.h
clustalw-2.1/src/general/OutputFile.cpp
clustalw-2.1/src/general/debuglogObject.h
clustalw-2.1/src/Clustal.cpp
clustalw-2.1/src/clustalw_version.h.in
clustalw-2.1/src/multipleAlign/
clustalw-2.1/src/multipleAlign/LowScoreSegProfile.h
clustalw-2.1/src/multipleAlign/ProfileAlignAlgorithm.h
clustalw-2.1/src/multipleAlign/ProfileWithSub.cpp
clustalw-2.1/src/multipleAlign/Iteration.h
clustalw-2.1/src/multipleAlign/ProfileBase.h
clustalw-2.1/src/multipleAlign/ProfileStandard.h
clustalw-2.1/src/multipleAlign/LowScoreSegProfile.cpp
clustalw-2.1/src/multipleAlign/ProfileBase.cpp
clustalw-2.1/src/multipleAlign/MyersMillerProfileAlign.h
clustalw-2.1/src/multipleAlign/ProfileWithSub.h
clustalw-2.1/src/multipleAlign/Iteration.cpp
clustalw-2.1/src/multipleAlign/MSA.h
clustalw-2.1/src/multipleAlign/MyersMillerProfileAlign.cpp
clustalw-2.1/src/multipleAlign/ProfileStandard.cpp
clustalw-2.1/src/multipleAlign/MSA.cpp
clustalw-2.1/src/Makefile.am
clustalw-2.1/src/clustalw_version.h
clustalw-2.1/src/Makefile.in
clustalw-2.1/src/Help.h
clustalw-2.1/src/Clustal.h
clustalw-2.1/src/fileInput/
clustalw-2.1/src/fileInput/ClustalFileParser.h
clustalw-2.1/src/fileInput/PearsonFileParser.h
clustalw-2.1/src/fileInput/MSFFileParser.h
clustalw-2.1/src/fileInput/PIRFileParser.h
clustalw-2.1/src/fileInput/RSFFileParser.cpp
clustalw-2.1/src/fileInput/MSFFileParser.cpp
clustalw-2.1/src/fileInput/PIRFileParser.cpp
clustalw-2.1/src/fileInput/RSFFileParser.h
clustalw-2.1/src/fileInput/GDEFileParser.cpp
clustalw-2.1/src/fileInput/ClustalFileParser.cpp
clustalw-2.1/src/fileInput/InFileStream.h
clustalw-2.1/src/fileInput/FileReader.cpp
clustalw-2.1/src/fileInput/EMBLFileParser.h
clustalw-2.1/src/fileInput/InFileStream.cpp
clustalw-2.1/src/fileInput/PearsonFileParser.cpp
clustalw-2.1/src/fileInput/GDEFileParser.h
clustalw-2.1/src/fileInput/FileReader.h
clustalw-2.1/src/fileInput/FileParser.h
clustalw-2.1/src/fileInput/FileParser.cpp
clustalw-2.1/src/fileInput/EMBLFileParser.cpp
clustalw-2.1/src/main.cpp
clustalw-2.1/src/substitutionMatrix/
clustalw-2.1/src/substitutionMatrix/SubMatrix.cpp
clustalw-2.1/src/substitutionMatrix/globalmatrix.h
clustalw-2.1/src/substitutionMatrix/matrices.h
clustalw-2.1/src/substitutionMatrix/SubMatrix.h
clustalw-2.1/src/alignment/
clustalw-2.1/src/alignment/AlignmentOutput.cpp
clustalw-2.1/src/alignment/ObjectiveScore.cpp
clustalw-2.1/src/alignment/Sequence.h
clustalw-2.1/src/alignment/ObjectiveScore.h
clustalw-2.1/src/alignment/Alignment.cpp
clustalw-2.1/src/alignment/AlignmentOutput.h
clustalw-2.1/src/alignment/Alignment.h
clustalw-2.1/src/alignment/Sequence.cpp
clustalw-2.1/src/pairwise/
clustalw-2.1/src/pairwise/FullPairwiseAlign.cpp
clustalw-2.1/src/pairwise/PairwiseAlignBase.h
clustalw-2.1/src/pairwise/FastPairwiseAlign.h
clustalw-2.1/src/pairwise/FastPairwiseAlign.cpp
clustalw-2.1/src/pairwise/FullPairwiseAlign.h
clustalw-2.1/src/interface/
clustalw-2.1/src/interface/InteractiveMenu.cpp
clustalw-2.1/src/interface/CommandLineParser.cpp
clustalw-2.1/src/interface/CommandLineParser.h
clustalw-2.1/src/interface/InteractiveMenu.h
clustalw-2.1/src/config.h.in
clustalw-2.1/src/tree/
clustalw-2.1/src/tree/UPGMA/
clustalw-2.1/src/tree/UPGMA/Node.cpp
clustalw-2.1/src/tree/UPGMA/upgmadata.h
clustalw-2.1/src/tree/UPGMA/RootedClusterTree.h
clustalw-2.1/src/tree/UPGMA/Node.h
clustalw-2.1/src/tree/UPGMA/RootedTreeOutput.cpp
clustalw-2.1/src/tree/UPGMA/RootedGuideTree.cpp
clustalw-2.1/src/tree/UPGMA/RootedGuideTree.h
clustalw-2.1/src/tree/UPGMA/RootedClusterTree.cpp
clustalw-2.1/src/tree/UPGMA/UPGMAAlgorithm.cpp
clustalw-2.1/src/tree/UPGMA/RootedTreeOutput.h
clustalw-2.1/src/tree/UPGMA/UPGMAAlgorithm.h
clustalw-2.1/src/tree/RandomGenerator.h
clustalw-2.1/src/tree/ClusterTreeOutput.h
clustalw-2.1/src/tree/ClusterTree.h
clustalw-2.1/src/tree/UnRootedClusterTree.h
clustalw-2.1/src/tree/ClusterTreeAlgorithm.h
clustalw-2.1/src/tree/RandomGenerator.cpp
clustalw-2.1/src/tree/UnRootedClusterTree.cpp
clustalw-2.1/src/tree/Tree.h
clustalw-2.1/src/tree/NJTree.h
clustalw-2.1/src/tree/ClusterTreeOutput.cpp
clustalw-2.1/src/tree/NJTree.cpp
clustalw-2.1/src/tree/TreeInterface.h
clustalw-2.1/src/tree/TreeInterface.cpp
clustalw-2.1/src/tree/AlignmentSteps.h
clustalw-2.1/src/tree/Tree.cpp
clustalw-2.1/src/tree/dayhoff.h
clustalw-2.1/src/tree/AlignmentSteps.cpp
clustalw-2.1/src/tree/ClusterTree.cpp
clustalw-2.1/configure
clustalw-2.1/configure.ac
clustalw-2.1/config.sub
clustalw-2.1/install-sh
clustalw-2.1/Makefile.am
clustalw-2.1/aclocal.m4
clustalw-2.1/Makefile.in
clustalw-2.1/clustalw_help
clustalw-2.1/README
clustalw-2.1/missing
clustalw-2.1/m4/
clustalw-2.1/m4/Makefile.am
clustalw-2.1/m4/Makefile.in
clustalw-2.1/config.guess
clustalw-2.1/depcomp
clustalw-2.1/COPYING.LESSER
clustalw-2.1/COPYING
checking build system type... x86_64-unknown-linux-gnu
checking host system type... x86_64-unknown-linux-gnu
checking target system type... x86_64-unknown-linux-gnu
building for linux-gnu
checking for a BSD-compatible install... /usr/bin/install -c
checking whether build environment is sane... yes
checking for a thread-safe mkdir -p... /usr/bin/mkdir -p
checking for gawk... gawk
checking whether make sets $(MAKE)... yes
checking whether make sets $(MAKE)... (cached) yes
checking for gcc... gcc
checking whether the C compiler works... yes
checking for C compiler default output file name... a.out
checking for suffix of executables... 
checking whether we are cross compiling... no
checking for suffix of object files... o
checking whether we are using the GNU C compiler... yes
checking whether gcc accepts -g... yes
checking for gcc option to accept ISO C89... none needed
checking for style of include used by make... GNU
checking dependency style of gcc... gcc3
checking for g++... g++
checking whether we are using the GNU C++ compiler... yes
checking whether g++ accepts -g... yes
checking dependency style of g++... gcc3
checking for ranlib... ranlib
checking how to run the C++ preprocessor... g++ -E
checking for grep that handles long lines and -e... /usr/bin/grep
checking for egrep... /usr/bin/grep -E
checking for ANSI C header files... yes
checking for sys/types.h... yes
checking for sys/stat.h... yes
checking for stdlib.h... yes
checking for string.h... yes
checking for memory.h... yes
checking for strings.h... yes
checking for inttypes.h... yes
checking for stdint.h... yes
checking for unistd.h... yes
checking for stdbool.h that conforms to C99... no
checking for _Bool... no
checking for an ANSI C-conforming const... yes
checking for size_t... yes
checking for stdlib.h... (cached) yes
checking for GNU libc compatible malloc... yes
configure: creating ./config.status
config.status: creating Makefile
config.status: creating m4/Makefile
config.status: creating src/Makefile
config.status: creating src/clustalw_version.h
config.status: creating src/config.h
config.status: src/config.h is unchanged
config.status: executing depfiles commands
Making all in m4
make[1]: Entering directory '/shared/EL9/explorer/clustal/2.1/src/clustalw-2.1/m4'
make[1]: Nothing to be done for 'all'.
make[1]: Leaving directory '/shared/EL9/explorer/clustal/2.1/src/clustalw-2.1/m4'
Making all in src
make[1]: Entering directory '/shared/EL9/explorer/clustal/2.1/src/clustalw-2.1/src'
make  all-recursive
make[2]: Entering directory '/shared/EL9/explorer/clustal/2.1/src/clustalw-2.1/src'
make[3]: Entering directory '/shared/EL9/explorer/clustal/2.1/src/clustalw-2.1/src'
g++ -DHAVE_CONFIG_H -I.     -g -O2 -MT Iteration.o -MD -MP -MF .deps/Iteration.Tpo -c -o Iteration.o `test -f './multipleAlign/Iteration.cpp' || echo './'`./multipleAlign/Iteration.cpp
In file included from ./multipleAlign/../alignment/../substitutionMatrix/globalmatrix.h:8,
                 from ./multipleAlign/../alignment/Alignment.h:42,
                 from ./multipleAlign/Iteration.h:8,
                 from ./multipleAlign/Iteration.cpp:13:
./multipleAlign/../alignment/../substitutionMatrix/SubMatrix.h:96:62: warning: ISO C++ forbids converting a string constant to ‘char*’ [-Wwrite-strings]
   96 |         void printInFormat(vector<short>& temp, char* name = "tempfile.out");
      |                                                              ^~~~~~~~~~~~~~
./multipleAlign/../alignment/../substitutionMatrix/SubMatrix.h:97:66: warning: ISO C++ forbids converting a string constant to ‘char*’ [-Wwrite-strings]
   97 |         void printVectorToFile(vector<short>& temp, char* name = "tempfile.out");
      |                                                                  ^~~~~~~~~~~~~~
In file included from ./multipleAlign/Iteration.cpp:17:
./multipleAlign/../tree/TreeInterface.h:38:9: warning: ‘template<class> class std::auto_ptr’ is deprecated: use 'std::unique_ptr' instead [-Wdeprecated-declarations]
   38 |         auto_ptr<AlignmentSteps> getWeightsAndStepsFromDistMat(vector<int>* seqWeights,
      |         ^~~~~~~~
In file included from /usr/include/c++/11/bits/locale_conv.h:41,
                 from /usr/include/c++/11/locale:43,
                 from /usr/include/c++/11/iomanip:43,
                 from ./multipleAlign/../alignment/Alignment.h:38,
                 from ./multipleAlign/Iteration.h:8,
                 from ./multipleAlign/Iteration.cpp:13:
/usr/include/c++/11/bits/unique_ptr.h:57:28: note: declared here
   57 |   template<typename> class auto_ptr;
      |                            ^~~~~~~~
In file included from ./multipleAlign/Iteration.cpp:17:
./multipleAlign/../tree/TreeInterface.h:57:9: warning: ‘template<class> class std::auto_ptr’ is deprecated: use 'std::unique_ptr' instead [-Wdeprecated-declarations]
   57 |         auto_ptr<AlignmentSteps> getWeightsAndStepsFromTree(Alignment* alignPtr,
      |         ^~~~~~~~
In file included from /usr/include/c++/11/bits/locale_conv.h:41,
                 from /usr/include/c++/11/locale:43,
                 from /usr/include/c++/11/iomanip:43,
                 from ./multipleAlign/../alignment/Alignment.h:38,
                 from ./multipleAlign/Iteration.h:8,
                 from ./multipleAlign/Iteration.cpp:13:
/usr/include/c++/11/bits/unique_ptr.h:57:28: note: declared here
   57 |   template<typename> class auto_ptr;
      |                            ^~~~~~~~
In file included from ./multipleAlign/Iteration.cpp:17:
./multipleAlign/../tree/TreeInterface.h:102:9: warning: ‘template<class> class std::auto_ptr’ is deprecated: use 'std::unique_ptr' instead [-Wdeprecated-declarations]
  102 |         auto_ptr<AlignmentSteps> getWeightsAndStepsFromDistMatNJ(vector<int>* seqWeights,
      |         ^~~~~~~~
In file included from /usr/include/c++/11/bits/locale_conv.h:41,
                 from /usr/include/c++/11/locale:43,
                 from /usr/include/c++/11/iomanip:43,
                 from ./multipleAlign/../alignment/Alignment.h:38,
                 from ./multipleAlign/Iteration.h:8,
                 from ./multipleAlign/Iteration.cpp:13:
/usr/include/c++/11/bits/unique_ptr.h:57:28: note: declared here
   57 |   template<typename> class auto_ptr;
      |                            ^~~~~~~~
In file included from ./multipleAlign/Iteration.cpp:17:
./multipleAlign/../tree/TreeInterface.h:108:9: warning: ‘template<class> class std::auto_ptr’ is deprecated: use 'std::unique_ptr' instead [-Wdeprecated-declarations]
  108 |         auto_ptr<AlignmentSteps> getWeightsAndStepsUseOldGuideTreeNJ(DistMatrix* distMat,
      |         ^~~~~~~~
In file included from /usr/include/c++/11/bits/locale_conv.h:41,
                 from /usr/include/c++/11/locale:43,
                 from /usr/include/c++/11/iomanip:43,
                 from ./multipleAlign/../alignment/Alignment.h:38,
                 from ./multipleAlign/Iteration.h:8,
                 from ./multipleAlign/Iteration.cpp:13:
/usr/include/c++/11/bits/unique_ptr.h:57:28: note: declared here
   57 |   template<typename> class auto_ptr;
      |                            ^~~~~~~~
In file included from ./multipleAlign/Iteration.cpp:17:
./multipleAlign/../tree/TreeInterface.h:133:9: warning: ‘template<class> class std::auto_ptr’ is deprecated: use 'std::unique_ptr' instead [-Wdeprecated-declarations]
  133 |         auto_ptr<AlignmentSteps> getWeightsAndStepsFromTreeNJ(Alignment* alignPtr,
      |         ^~~~~~~~
In file included from /usr/include/c++/11/bits/locale_conv.h:41,
                 from /usr/include/c++/11/locale:43,
                 from /usr/include/c++/11/iomanip:43,
                 from ./multipleAlign/../alignment/Alignment.h:38,
                 from ./multipleAlign/Iteration.h:8,
                 from ./multipleAlign/Iteration.cpp:13:
/usr/include/c++/11/bits/unique_ptr.h:57:28: note: declared here
   57 |   template<typename> class auto_ptr;
      |                            ^~~~~~~~
In file included from ./multipleAlign/Iteration.cpp:17:
./multipleAlign/../tree/TreeInterface.h:138:9: warning: ‘template<class> class std::auto_ptr’ is deprecated: use 'std::unique_ptr' instead [-Wdeprecated-declarations]
  138 |         auto_ptr<AlignmentSteps> getWeightsAndStepsFromDistMatUPGMA(vector<int>* seqWeights,
      |         ^~~~~~~~
In file included from /usr/include/c++/11/bits/locale_conv.h:41,
                 from /usr/include/c++/11/locale:43,
                 from /usr/include/c++/11/iomanip:43,
                 from ./multipleAlign/../alignment/Alignment.h:38,
                 from ./multipleAlign/Iteration.h:8,
                 from ./multipleAlign/Iteration.cpp:13:
/usr/include/c++/11/bits/unique_ptr.h:57:28: note: declared here
   57 |   template<typename> class auto_ptr;
      |                            ^~~~~~~~
In file included from ./multipleAlign/Iteration.cpp:17:
./multipleAlign/../tree/TreeInterface.h:142:9: warning: ‘template<class> class std::auto_ptr’ is deprecated: use 'std::unique_ptr' instead [-Wdeprecated-declarations]
  142 |         auto_ptr<AlignmentSteps> generateTreeFromDistMatUPGMA(RootedGuideTree* guideTree,
      |         ^~~~~~~~
In file included from /usr/include/c++/11/bits/locale_conv.h:41,
                 from /usr/include/c++/11/locale:43,
                 from /usr/include/c++/11/iomanip:43,
                 from ./multipleAlign/../alignment/Alignment.h:38,
                 from ./multipleAlign/Iteration.h:8,
                 from ./multipleAlign/Iteration.cpp:13:
/usr/include/c++/11/bits/unique_ptr.h:57:28: note: declared here
   57 |   template<typename> class auto_ptr;
      |                            ^~~~~~~~
mv -f .deps/Iteration.Tpo .deps/Iteration.Po
g++ -DHAVE_CONFIG_H -I.     -g -O2 -MT UserParameters.o -MD -MP -MF .deps/UserParameters.Tpo -c -o UserParameters.o `test -f './general/UserParameters.cpp' || echo './'`./general/UserParameters.cpp
./general/UserParameters.cpp: In member function ‘int clustalw::UserParameters::resIndex(std::string, char)’:
./general/UserParameters.cpp:475:18: warning: ISO C++17 does not allow ‘register’ storage class specifier [-Wregister]
  475 |     register int i;
      |                  ^
mv -f .deps/UserParameters.Tpo .deps/UserParameters.Po
g++ -DHAVE_CONFIG_H -I.     -g -O2 -MT Help.o -MD -MP -MF .deps/Help.Tpo -c -o Help.o `test -f './Help.cpp' || echo './'`./Help.cpp
mv -f .deps/Help.Tpo .deps/Help.Po
g++  -g -O2   -o clustalw2 FullPairwiseAlign.o FastPairwiseAlign.o MSFFileParser.o FileReader.o PIRFileParser.o RSFFileParser.o GDEFileParser.o InFileStream.o ClustalFileParser.o PearsonFileParser.o FileParser.o EMBLFileParser.o RootedClusterTree.o UPGMAAlgorithm.o Node.o RootedGuideTree.o RootedTreeOutput.o Tree.o ClusterTree.o TreeInterface.o UnRootedClusterTree.o ClusterTreeOutput.o RandomGenerator.o NJTree.o AlignmentSteps.o InteractiveMenu.o CommandLineParser.o SubMatrix.o Iteration.o MSA.o MyersMillerProfileAlign.o ProfileStandard.o ProfileWithSub.o ProfileBase.o LowScoreSegProfile.o OutputFile.o UserParameters.o Utility.o InvalidCombination.o DebugLog.o ClustalWResources.o VectorOutOfRange.o SymMatrix.o Stats.o Help.o Alignment.o AlignmentOutput.o ObjectiveScore.o Sequence.o Clustal.o main.o  
/usr/bin/ld: Iteration.o: in function `clustalw::Iteration::removeFirstIterate(clustalw::Alignment*)':
/shared/EL9/explorer/clustal/2.1/src/clustalw-2.1/src/./multipleAlign/Iteration.cpp:231: warning: the use of `tmpnam' is dangerous, better use `mkstemp'
make[3]: Leaving directory '/shared/EL9/explorer/clustal/2.1/src/clustalw-2.1/src'
make[2]: Leaving directory '/shared/EL9/explorer/clustal/2.1/src/clustalw-2.1/src'
make[1]: Leaving directory '/shared/EL9/explorer/clustal/2.1/src/clustalw-2.1/src'
make[1]: Entering directory '/shared/EL9/explorer/clustal/2.1/src/clustalw-2.1'
make[1]: Nothing to be done for 'all-am'.
make[1]: Leaving directory '/shared/EL9/explorer/clustal/2.1/src/clustalw-2.1'
Making install in m4
make[1]: Entering directory '/shared/EL9/explorer/clustal/2.1/src/clustalw-2.1/m4'
make[2]: Entering directory '/shared/EL9/explorer/clustal/2.1/src/clustalw-2.1/m4'
make[2]: Nothing to be done for 'install-exec-am'.
test -z "/shared/EL9/explorer/clustal/2.1/clustalw-2.1/share/aclocal" || /usr/bin/mkdir -p "/shared/EL9/explorer/clustal/2.1/clustalw-2.1/share/aclocal"
make[2]: Leaving directory '/shared/EL9/explorer/clustal/2.1/src/clustalw-2.1/m4'
make[1]: Leaving directory '/shared/EL9/explorer/clustal/2.1/src/clustalw-2.1/m4'
Making install in src
make[1]: Entering directory '/shared/EL9/explorer/clustal/2.1/src/clustalw-2.1/src'
make[2]: Entering directory '/shared/EL9/explorer/clustal/2.1/src/clustalw-2.1/src'
make[3]: Entering directory '/shared/EL9/explorer/clustal/2.1/src/clustalw-2.1/src'
test -z "/shared/EL9/explorer/clustal/2.1/clustalw-2.1/bin" || /usr/bin/mkdir -p "/shared/EL9/explorer/clustal/2.1/clustalw-2.1/bin"
  /usr/bin/install -c clustalw2 '/shared/EL9/explorer/clustal/2.1/clustalw-2.1/bin'
make[3]: Nothing to be done for 'install-data-am'.
make[3]: Leaving directory '/shared/EL9/explorer/clustal/2.1/src/clustalw-2.1/src'
make[2]: Leaving directory '/shared/EL9/explorer/clustal/2.1/src/clustalw-2.1/src'
make[1]: Leaving directory '/shared/EL9/explorer/clustal/2.1/src/clustalw-2.1/src'
make[1]: Entering directory '/shared/EL9/explorer/clustal/2.1/src/clustalw-2.1'
make[2]: Entering directory '/shared/EL9/explorer/clustal/2.1/src/clustalw-2.1'
make[2]: Nothing to be done for 'install-exec-am'.
make[2]: Nothing to be done for 'install-data-am'.
make[2]: Leaving directory '/shared/EL9/explorer/clustal/2.1/src/clustalw-2.1'
make[1]: Leaving directory '/shared/EL9/explorer/clustal/2.1/src/clustalw-2.1'
